[12:17:49] [main/INFO] [JMLogger] JourneyMap log initialized.
[12:17:49] [main/INFO] [JourneymapClient] initialize ENTER
[12:17:49] [main/INFO] [ClientAPI] [ClientAPI] built with JourneyMap API 1.8-SNAPSHOT
[12:17:49] [main/INFO] [PluginHelper] Initializing plugins with Client API: journeymap.client.api.impl.ClientAPI
[12:17:49] [main/INFO] [PluginHelper] Initialized IClientPlugin: com.minecolonies.coremod.compatibility.journeymap.JourneymapPlugin
[12:17:49] [main/INFO] [PluginHelper] Initialized IClientPlugin: net.blay09.mods.waystones.compat.JourneyMapAddon
[12:17:49] [main/INFO] [PropertiesBase] minecolonies (FirstLoaded) Setting config file to version "5.8.5p6": addon.minecolonies.config
[12:17:49] [main/INFO] [PropertiesBase] minecolonies (Valid) Creating config file: C:\Users\PC\AppData\Roaming\.minecraft\versions\my_top\journeymap\config\5.8\addons\addon.minecolonies.config
[12:17:50] [main/INFO] [PropertiesBase] core (FirstLoaded) Setting config file to version "5.8.5p6": journeymap.core.config
[12:17:50] [main/INFO] [PropertiesBase] core (Valid) Creating config file: C:\Users\PC\AppData\Roaming\.minecraft\versions\my_top\journeymap\config\5.8\journeymap.core.config
[12:17:50] [main/INFO] [PropertiesBase] fullmap (FirstLoaded) Setting config file to version "5.8.5p6": journeymap.fullmap.config
[12:17:50] [main/INFO] [PropertiesBase] fullmap (Valid) Creating config file: C:\Users\PC\AppData\Roaming\.minecraft\versions\my_top\journeymap\config\5.8\journeymap.fullmap.config
[12:17:50] [main/INFO] [PropertiesBase] minimap (Initialized) Setting config file to version "5.8.5p6": journeymap.minimap.config
[12:17:50] [main/INFO] [PropertiesBase] minimap (Valid) Creating config file: C:\Users\PC\AppData\Roaming\.minecraft\versions\my_top\journeymap\config\5.8\journeymap.minimap.config
[12:17:50] [main/INFO] [PropertiesBase] minimap2 (FirstLoaded) Setting config file to version "5.8.5p6": journeymap.minimap2.config
[12:17:50] [main/INFO] [PropertiesBase] minimap2 (Valid) Creating config file: C:\Users\PC\AppData\Roaming\.minecraft\versions\my_top\journeymap\config\5.8\journeymap.minimap2.config
[12:17:50] [main/INFO] [PropertiesBase] topo (FirstLoaded) Setting config file to version "5.8.5p6": journeymap.topo.config
[12:17:50] [main/INFO] [PropertiesBase] topo (Valid) Creating config file: C:\Users\PC\AppData\Roaming\.minecraft\versions\my_top\journeymap\config\5.8\journeymap.topo.config
[12:17:50] [main/INFO] [PropertiesBase] webmap (FirstLoaded) Setting config file to version "5.8.5p6": journeymap.webmap.config
[12:17:50] [main/INFO] [PropertiesBase] webmap (Valid) Creating config file: C:\Users\PC\AppData\Roaming\.minecraft\versions\my_top\journeymap\config\5.8\journeymap.webmap.config
[12:17:50] [main/INFO] [PropertiesBase] waypoint (FirstLoaded) Setting config file to version "5.8.5p6": journeymap.waypoint.config
[12:17:50] [main/INFO] [PropertiesBase] waypoint (Valid) Creating config file: C:\Users\PC\AppData\Roaming\.minecraft\versions\my_top\journeymap\config\5.8\journeymap.waypoint.config
[12:17:50] [Render thread/INFO] [?] Version: JourneyMap 1.16.5-5.8.5p6, built with Forge 1.16.5-36.2.22
Forge: 36.2.39
Environment: os.name, os.arch, java.version, user.country, user.language=null, game language=ru_ru, locale=en_us
Features: 
	RadarPlayers : singleplayer = true , multiplayer = true
	RadarAnimals : singleplayer = true , multiplayer = true
	RadarMobs : singleplayer = true , multiplayer = true
	RadarVillagers : singleplayer = true , multiplayer = true
	MapTopo : singleplayer = true , multiplayer = true
	MapSurface : singleplayer = true , multiplayer = true
	MapCaves : singleplayer = true , multiplayer = true
	MapBiome : singleplayer = true , multiplayer = true
MiniMapProperties{state=SavedOk, file=journeymap.minimap.config, configVersion=5.8.5p6, zoomLevel=0, compassFontScale=1.0, terrainAlpha=100, showEntityNames=true, positionX=0.9, positionY=0.25, effectVertical=false, showPlayerHeading=true, sizePercent=30, playerDisplayScale=1.0, showDayNight=true, showPets=true, preferredMapType=day, showCompass=true, mobDisplay=jm.common.entity_display.dots, systemTimeRealFormat=HH:mm:ss, shape=jm.minimap.shape_circle, showSelf=true, selfDisplayScale=1.0, showGrid=true, reticleOrientation=jm.minimap.orientation.compass, gameTimeRealFormat=HH:mm:ss, effectTranslateX=0, showWaypoints=true, minimapKeyMovementSpeed=0.001, showAnimals=true, infoSlotAlpha=0.7, effectTranslateY=0, showWaypointLabels=true, moveEffectIcons=true, position=jm.minimap.position_topright, fontScale=1.0, showPlayers=true, waypointIconScale=1.0, frameAlpha=100, effectReversed=false, backgroundAlpha=0.8, enabled=true, showVillagers=true, info2Label=jm.theme.labelsource.gametime, info3Label=jm.theme.labelsource.location, showMobs=true, waypointLabelScale=1.0, showReticle=true, orientation=jm.minimap.orientation.north, info4Label=jm.theme.labelsource.biome, locationFormat=xzyv, playerDisplay=jm.common.entity_display.dots, mobDisplayScale=1.0, showCaves=true, showMobHeading=true, locationFormatVerbose=true, info1Label=jm.theme.labelsource.blank}
MiniMapProperties{state=SavedOk, file=journeymap.minimap2.config, configVersion=5.8.5p6, zoomLevel=0, compassFontScale=1.0, terrainAlpha=100, showEntityNames=true, positionX=0.9, positionY=0.25, effectVertical=false, showPlayerHeading=true, sizePercent=30, playerDisplayScale=1.0, showDayNight=true, showPets=true, preferredMapType=day, showCompass=true, mobDisplay=jm.common.entity_display.dots, systemTimeRealFormat=HH:mm:ss, shape=jm.minimap.shape_rectangle, showSelf=true, selfDisplayScale=1.0, showGrid=true, reticleOrientation=jm.minimap.orientation.compass, gameTimeRealFormat=HH:mm:ss, effectTranslateX=0, showWaypoints=true, minimapKeyMovementSpeed=0.001, showAnimals=true, infoSlotAlpha=0.7, effectTranslateY=0, showWaypointLabels=true, moveEffectIcons=true, position=jm.minimap.position_topright, fontScale=1.0, showPlayers=true, waypointIconScale=1.0, frameAlpha=100, effectReversed=false, backgroundAlpha=0.8, enabled=true, showVillagers=true, info2Label=jm.theme.labelsource.gametime, info3Label=jm.theme.labelsource.location, showMobs=true, waypointLabelScale=1.0, showReticle=true, orientation=jm.minimap.orientation.north, info4Label=jm.theme.labelsource.biome, locationFormat=xzyv, playerDisplay=jm.common.entity_display.dots, mobDisplayScale=1.0, showCaves=true, showMobHeading=true, locationFormatVerbose=true, info1Label=jm.theme.labelsource.blank}
FullMapProperties{state=SavedOk, file=journeymap.fullmap.config, configVersion=5.8.5p6, zoomLevel=0, showPlayers=true, waypointIconScale=1.0, showEntityNames=true, showPlayerHeading=true, showVillagers=true, showPlayerLoc=true, showKeys=true, playerDisplayScale=1.0, showMobs=true, showPets=true, waypointLabelScale=1.0, preferredMapType=day, mobDisplay=jm.common.entity_display.dots, showSelf=true, locationFormat=xzyv, playerDisplay=jm.common.entity_display.dots, mobDisplayScale=1.0, selfDisplayScale=1.0, showGrid=true, showMouseLoc=true, showWaypoints=true, showCaves=true, showAnimals=true, dragScale=1, showMobHeading=true, showWaypointLabels=true, locationFormatVerbose=true, fontScale=1.0}
WaypointProperties{state=SavedOk, file=journeymap.waypoint.config, configVersion=5.8.5p6, autoRemoveDeathpointDistance=2, dateFormat=MM-dd-yyyy, autoRemoveDeathpoints=false, fullscreenDoubleClickToCreate=true, managerDimensionFocus=false, minDistance=4, boldLabel=false, textureSmall=true, showDeathpointlabel=true, beaconEnabled=true, createDeathpoints=true, showName=true, disableStrikeThrough=false, maxDistance=0, autoHideLabel=true, autoRemoveTempWaypoints=2, teleportCommand=/tp {name} {x} {y} {z}, showStaticBeam=true, timeFormat=HH:mm:ss, showDeviationLabel=false, showDistance=true, showRotatingBeam=true, fontScale=2.0, showTexture=true, managerEnabled=true}
WebMapProperties{state=SavedOk, file=journeymap.webmap.config, configVersion=5.8.5p6, port=8080, enabled=false}
CoreProperties{state=SavedOk, file=journeymap.core.config, configVersion=5.8.5p6, verboseColorPalette=false, maxPlayersData=32, mapSurfaceAboveCaves=true, dataCachingEnabled=true, optionsManagerViewed=null, announceMod=true, colorPassive=#bbbbbb, renderOverlayEventTypeName=ALL, mapBlendWater=false, renderDistanceSurfaceMax=0, seedId=false, radarVerticalDistance=16, mapBlendGrass=true, recordCacheStats=false, hideSneakingEntities=true, revealShape=jm.minimap.shape_circle, mapBiome=true, alwaysMapSurface=false, colorVillager=#88e188, mapPlants=false, colorPet=#0077ff, radarLateralDistance=64, mapBathymetry=false, mapCrops=true, maxMobsData=32, mapPlantShadows=false, alwaysMapCaves=false, checkUpdates=true, mapBlendFoliage=true, hideSpectators=false, mappingEnabled=true, colorPlayer=#ffffff, tileHighDisplayQuality=true, cacheVillagersData=2200, logLevel=INFO, maxVillagersData=32, mapWaterBiomeColors=false, maxAnimalsData=32, mapTransparency=true, tileRenderType=1, caveIgnoreGlass=true, mapTopography=true, renderDistanceCaveMax=0, mapAntialiasing=true, colorSelf=#0000ff, cachePlayersData=2000, cacheMobsData=3000, cachePlayerData=1000, splashViewed=null, colorHostile=#ff0000, cacheAnimalsData=3100, themeName=OceanMonument, mapCaveLighting=true, renderDelay=2, renderOverlayPreEvent=true, glErrorChecking=false, autoMapPoll=2000}
[12:17:50] [main/INFO] [JourneymapClient] initialize EXIT, elapsed count 1 avg 2152,97ms
[12:17:51] [main/INFO] [JourneymapClient] Journeymap PostInit
[12:17:52] [main/INFO] [ThemeLoader] Preloaded theme textures: 73
[12:17:52] [main/INFO] [JourneymapClient] postInitialize EXIT, elapsed count 1 avg 928,83ms
[12:17:53] [JM-VersionCheck-1/ERROR] [VersionCheck] Could not check version URL
javax.net.ssl.SSLHandshakeException: sun.security.validator.ValidatorException: PKIX path building failed: sun.security.provider.certpath.SunCertPathBuilderException: unable to find valid certification path to requested target
	at sun.security.ssl.Alerts.getSSLException(Alerts.java:192) ~[?:1.8.0_51]
	at sun.security.ssl.SSLSocketImpl.fatal(SSLSocketImpl.java:1949) ~[?:1.8.0_51]
	at sun.security.ssl.Handshaker.fatalSE(Handshaker.java:302) ~[?:1.8.0_51]
	at sun.security.ssl.Handshaker.fatalSE(Handshaker.java:296) ~[?:1.8.0_51]
	at sun.security.ssl.ClientHandshaker.serverCertificate(ClientHandshaker.java:1497) ~[?:1.8.0_51]
	at sun.security.ssl.ClientHandshaker.processMessage(ClientHandshaker.java:212) ~[?:1.8.0_51]
	at sun.security.ssl.Handshaker.processLoop(Handshaker.java:979) ~[?:1.8.0_51]
	at sun.security.ssl.Handshaker.process_record(Handshaker.java:914) ~[?:1.8.0_51]
	at sun.security.ssl.SSLSocketImpl.readRecord(SSLSocketImpl.java:1062) ~[?:1.8.0_51]
	at sun.security.ssl.SSLSocketImpl.performInitialHandshake(SSLSocketImpl.java:1375) ~[?:1.8.0_51]
	at sun.security.ssl.SSLSocketImpl.startHandshake(SSLSocketImpl.java:1403) ~[?:1.8.0_51]
	at sun.security.ssl.SSLSocketImpl.startHandshake(SSLSocketImpl.java:1387) ~[?:1.8.0_51]
	at org.apache.http.conn.ssl.SSLConnectionSocketFactory.createLayeredSocket(SSLConnectionSocketFactory.java:275) ~[httpclient-4.3.3.jar:4.3.3]
	at org.apache.http.conn.ssl.SSLConnectionSocketFactory.connectSocket(SSLConnectionSocketFactory.java:254) ~[httpclient-4.3.3.jar:4.3.3]
	at org.apache.http.impl.conn.HttpClientConnectionOperator.connect(HttpClientConnectionOperator.java:117) ~[httpclient-4.3.3.jar:4.3.3]
	at org.apache.http.impl.conn.PoolingHttpClientConnectionManager.connect(PoolingHttpClientConnectionManager.java:314) ~[httpclient-4.3.3.jar:4.3.3]
	at org.apache.http.impl.execchain.MainClientExec.establishRoute(MainClientExec.java:363) ~[httpclient-4.3.3.jar:4.3.3]
	at org.apache.http.impl.execchain.MainClientExec.execute(MainClientExec.java:219) ~[httpclient-4.3.3.jar:4.3.3]
	at org.apache.http.impl.execchain.ProtocolExec.execute(ProtocolExec.java:195) ~[httpclient-4.3.3.jar:4.3.3]
	at org.apache.http.impl.execchain.RetryExec.execute(RetryExec.java:86) ~[httpclient-4.3.3.jar:4.3.3]
	at org.apache.http.impl.execchain.RedirectExec.execute(RedirectExec.java:108) ~[httpclient-4.3.3.jar:4.3.3]
	at org.apache.http.impl.client.InternalHttpClient.doExecute(InternalHttpClient.java:186) ~[httpclient-4.3.3.jar:4.3.3]
	at org.apache.http.impl.client.CloseableHttpClient.execute(CloseableHttpClient.java:82) ~[httpclient-4.3.3.jar:4.3.3]
	at org.apache.http.impl.client.CloseableHttpClient.execute(CloseableHttpClient.java:106) ~[httpclient-4.3.3.jar:4.3.3]
	at org.apache.http.impl.client.CloseableHttpClient.execute(CloseableHttpClient.java:57) ~[httpclient-4.3.3.jar:4.3.3]
	at journeymap.common.version.VersionCheck.makeGetRequest(VersionCheck.java:211) [?:1.16.5-5.8.5p6]
	at journeymap.common.version.VersionCheck.lambda$checkVersion$1(VersionCheck.java:121) [?:1.16.5-5.8.5p6]
	at journeymap.common.version.VersionCheck$$Lambda$6180/121133242.run(Unknown Source) [?:1.16.5-5.8.5p6]
	at java.util.concurrent.Executors$RunnableAdapter.call(Executors.java:511) [?:1.8.0_51]
	at java.util.concurrent.FutureTask.run(FutureTask.java:266) [?:1.8.0_51]
	at java.util.concurrent.ThreadPoolExecutor.runWorker(ThreadPoolExecutor.java:1142) [?:1.8.0_51]
	at java.util.concurrent.ThreadPoolExecutor$Worker.run(ThreadPoolExecutor.java:617) [?:1.8.0_51]
	at java.lang.Thread.run(Thread.java:745) [?:1.8.0_51]
Caused by: sun.security.validator.ValidatorException: PKIX path building failed: sun.security.provider.certpath.SunCertPathBuilderException: unable to find valid certification path to requested target
	at sun.security.validator.PKIXValidator.doBuild(PKIXValidator.java:387) ~[?:1.8.0_51]
	at sun.security.validator.PKIXValidator.engineValidate(PKIXValidator.java:292) ~[?:1.8.0_51]
	at sun.security.validator.Validator.validate(Validator.java:260) ~[?:1.8.0_51]
	at sun.security.ssl.X509TrustManagerImpl.validate(X509TrustManagerImpl.java:324) ~[?:1.8.0_51]
	at sun.security.ssl.X509TrustManagerImpl.checkTrusted(X509TrustManagerImpl.java:229) ~[?:1.8.0_51]
	at sun.security.ssl.X509TrustManagerImpl.checkServerTrusted(X509TrustManagerImpl.java:124) ~[?:1.8.0_51]
	at sun.security.ssl.ClientHandshaker.serverCertificate(ClientHandshaker.java:1479) ~[?:1.8.0_51]
	... 28 more
Caused by: sun.security.provider.certpath.SunCertPathBuilderException: unable to find valid certification path to requested target
	at sun.security.provider.certpath.SunCertPathBuilder.build(SunCertPathBuilder.java:145) ~[?:1.8.0_51]
	at sun.security.provider.certpath.SunCertPathBuilder.engineBuild(SunCertPathBuilder.java:131) ~[?:1.8.0_51]
	at java.security.cert.CertPathBuilder.build(CertPathBuilder.java:280) ~[?:1.8.0_51]
	at sun.security.validator.PKIXValidator.doBuild(PKIXValidator.java:382) ~[?:1.8.0_51]
	at sun.security.validator.PKIXValidator.engineValidate(PKIXValidator.java:292) ~[?:1.8.0_51]
	at sun.security.validator.Validator.validate(Validator.java:260) ~[?:1.8.0_51]
	at sun.security.ssl.X509TrustManagerImpl.validate(X509TrustManagerImpl.java:324) ~[?:1.8.0_51]
	at sun.security.ssl.X509TrustManagerImpl.checkTrusted(X509TrustManagerImpl.java:229) ~[?:1.8.0_51]
	at sun.security.ssl.X509TrustManagerImpl.checkServerTrusted(X509TrustManagerImpl.java:124) ~[?:1.8.0_51]
	at sun.security.ssl.ClientHandshaker.serverCertificate(ClientHandshaker.java:1479) ~[?:1.8.0_51]
	... 28 more
[12:17:53] [JM-VersionCheck-1/ERROR] [VersionCheck] Could not check version URL
javax.net.ssl.SSLHandshakeException: sun.security.validator.ValidatorException: PKIX path building failed: sun.security.provider.certpath.SunCertPathBuilderException: unable to find valid certification path to requested target
	at sun.security.ssl.Alerts.getSSLException(Alerts.java:192) ~[?:1.8.0_51]
	at sun.security.ssl.SSLSocketImpl.fatal(SSLSocketImpl.java:1949) ~[?:1.8.0_51]
	at sun.security.ssl.Handshaker.fatalSE(Handshaker.java:302) ~[?:1.8.0_51]
	at sun.security.ssl.Handshaker.fatalSE(Handshaker.java:296) ~[?:1.8.0_51]
	at sun.security.ssl.ClientHandshaker.serverCertificate(ClientHandshaker.java:1497) ~[?:1.8.0_51]
	at sun.security.ssl.ClientHandshaker.processMessage(ClientHandshaker.java:212) ~[?:1.8.0_51]
	at sun.security.ssl.Handshaker.processLoop(Handshaker.java:979) ~[?:1.8.0_51]
	at sun.security.ssl.Handshaker.process_record(Handshaker.java:914) ~[?:1.8.0_51]
	at sun.security.ssl.SSLSocketImpl.readRecord(SSLSocketImpl.java:1062) ~[?:1.8.0_51]
	at sun.security.ssl.SSLSocketImpl.performInitialHandshake(SSLSocketImpl.java:1375) ~[?:1.8.0_51]
	at sun.security.ssl.SSLSocketImpl.startHandshake(SSLSocketImpl.java:1403) ~[?:1.8.0_51]
	at sun.security.ssl.SSLSocketImpl.startHandshake(SSLSocketImpl.java:1387) ~[?:1.8.0_51]
	at org.apache.http.conn.ssl.SSLConnectionSocketFactory.createLayeredSocket(SSLConnectionSocketFactory.java:275) ~[httpclient-4.3.3.jar:4.3.3]
	at org.apache.http.conn.ssl.SSLConnectionSocketFactory.connectSocket(SSLConnectionSocketFactory.java:254) ~[httpclient-4.3.3.jar:4.3.3]
	at org.apache.http.impl.conn.HttpClientConnectionOperator.connect(HttpClientConnectionOperator.java:117) ~[httpclient-4.3.3.jar:4.3.3]
	at org.apache.http.impl.conn.PoolingHttpClientConnectionManager.connect(PoolingHttpClientConnectionManager.java:314) ~[httpclient-4.3.3.jar:4.3.3]
	at org.apache.http.impl.execchain.MainClientExec.establishRoute(MainClientExec.java:363) ~[httpclient-4.3.3.jar:4.3.3]
	at org.apache.http.impl.execchain.MainClientExec.execute(MainClientExec.java:219) ~[httpclient-4.3.3.jar:4.3.3]
	at org.apache.http.impl.execchain.ProtocolExec.execute(ProtocolExec.java:195) ~[httpclient-4.3.3.jar:4.3.3]
	at org.apache.http.impl.execchain.RetryExec.execute(RetryExec.java:86) ~[httpclient-4.3.3.jar:4.3.3]
	at org.apache.http.impl.execchain.RedirectExec.execute(RedirectExec.java:108) ~[httpclient-4.3.3.jar:4.3.3]
	at org.apache.http.impl.client.InternalHttpClient.doExecute(InternalHttpClient.java:186) ~[httpclient-4.3.3.jar:4.3.3]
	at org.apache.http.impl.client.CloseableHttpClient.execute(CloseableHttpClient.java:82) ~[httpclient-4.3.3.jar:4.3.3]
	at org.apache.http.impl.client.CloseableHttpClient.execute(CloseableHttpClient.java:106) ~[httpclient-4.3.3.jar:4.3.3]
	at org.apache.http.impl.client.CloseableHttpClient.execute(CloseableHttpClient.java:57) ~[httpclient-4.3.3.jar:4.3.3]
	at journeymap.common.version.VersionCheck.makeGetRequest(VersionCheck.java:211) [?:1.16.5-5.8.5p6]
	at journeymap.common.version.VersionCheck.lambda$checkVersion$1(VersionCheck.java:122) [?:1.16.5-5.8.5p6]
	at journeymap.common.version.VersionCheck$$Lambda$6180/121133242.run(Unknown Source) [?:1.16.5-5.8.5p6]
	at java.util.concurrent.Executors$RunnableAdapter.call(Executors.java:511) [?:1.8.0_51]
	at java.util.concurrent.FutureTask.run(FutureTask.java:266) [?:1.8.0_51]
	at java.util.concurrent.ThreadPoolExecutor.runWorker(ThreadPoolExecutor.java:1142) [?:1.8.0_51]
	at java.util.concurrent.ThreadPoolExecutor$Worker.run(ThreadPoolExecutor.java:617) [?:1.8.0_51]
	at java.lang.Thread.run(Thread.java:745) [?:1.8.0_51]
Caused by: sun.security.validator.ValidatorException: PKIX path building failed: sun.security.provider.certpath.SunCertPathBuilderException: unable to find valid certification path to requested target
	at sun.security.validator.PKIXValidator.doBuild(PKIXValidator.java:387) ~[?:1.8.0_51]
	at sun.security.validator.PKIXValidator.engineValidate(PKIXValidator.java:292) ~[?:1.8.0_51]
	at sun.security.validator.Validator.validate(Validator.java:260) ~[?:1.8.0_51]
	at sun.security.ssl.X509TrustManagerImpl.validate(X509TrustManagerImpl.java:324) ~[?:1.8.0_51]
	at sun.security.ssl.X509TrustManagerImpl.checkTrusted(X509TrustManagerImpl.java:229) ~[?:1.8.0_51]
	at sun.security.ssl.X509TrustManagerImpl.checkServerTrusted(X509TrustManagerImpl.java:124) ~[?:1.8.0_51]
	at sun.security.ssl.ClientHandshaker.serverCertificate(ClientHandshaker.java:1479) ~[?:1.8.0_51]
	... 28 more
Caused by: sun.security.provider.certpath.SunCertPathBuilderException: unable to find valid certification path to requested target
	at sun.security.provider.certpath.SunCertPathBuilder.build(SunCertPathBuilder.java:145) ~[?:1.8.0_51]
	at sun.security.provider.certpath.SunCertPathBuilder.engineBuild(SunCertPathBuilder.java:131) ~[?:1.8.0_51]
	at java.security.cert.CertPathBuilder.build(CertPathBuilder.java:280) ~[?:1.8.0_51]
	at sun.security.validator.PKIXValidator.doBuild(PKIXValidator.java:382) ~[?:1.8.0_51]
	at sun.security.validator.PKIXValidator.engineValidate(PKIXValidator.java:292) ~[?:1.8.0_51]
	at sun.security.validator.Validator.validate(Validator.java:260) ~[?:1.8.0_51]
	at sun.security.ssl.X509TrustManagerImpl.validate(X509TrustManagerImpl.java:324) ~[?:1.8.0_51]
	at sun.security.ssl.X509TrustManagerImpl.checkTrusted(X509TrustManagerImpl.java:229) ~[?:1.8.0_51]
	at sun.security.ssl.X509TrustManagerImpl.checkServerTrusted(X509TrustManagerImpl.java:124) ~[?:1.8.0_51]
	at sun.security.ssl.ClientHandshaker.serverCertificate(ClientHandshaker.java:1479) ~[?:1.8.0_51]
	... 28 more
[12:18:29] [Server thread/INFO] [ForgeConfig] Loading JourneyMap Forge Configs
[12:18:49] [Server thread/INFO] [PropertiesBase] global (FirstLoaded) Setting config file to version "5.8.5p6": journeymap.server.global.config
[12:18:49] [Server thread/INFO] [PropertiesBase] global (Valid) Creating config file: C:\Users\PC\AppData\Roaming\.minecraft\versions\my_top\journeymap\server\5.8\journeymap.server.global.config
[12:18:49] [Server thread/INFO] [PropertiesBase] default (FirstLoaded) Setting config file to version "5.8.5p6": journeymap.server.default.config
[12:18:49] [Server thread/INFO] [PropertiesBase] default (Valid) Creating config file: C:\Users\PC\AppData\Roaming\.minecraft\versions\my_top\journeymap\server\5.8\journeymap.server.default.config
[12:18:49] [Server thread/INFO] [PropertiesBase] minecraft~overworld (Initialized) Setting config file to version "5.8.5p6": journeymap.server.minecraft~overworld.config
[12:18:49] [Server thread/INFO] [PropertiesBase] minecraft~overworld (Valid) Creating config file: C:\Users\PC\AppData\Roaming\.minecraft\versions\my_top\journeymap\server\5.8\journeymap.server.minecraft~overworld.config
[12:18:49] [Server thread/INFO] [PropertiesBase] minecraft~the_nether (Initialized) Setting config file to version "5.8.5p6": journeymap.server.minecraft~the_nether.config
[12:18:49] [Server thread/INFO] [PropertiesBase] minecraft~the_nether (Valid) Creating config file: C:\Users\PC\AppData\Roaming\.minecraft\versions\my_top\journeymap\server\5.8\journeymap.server.minecraft~the_nether.config
[12:18:49] [Server thread/INFO] [PropertiesBase] minecraft~the_end (Initialized) Setting config file to version "5.8.5p6": journeymap.server.minecraft~the_end.config
[12:18:49] [Server thread/INFO] [PropertiesBase] minecraft~the_end (Valid) Creating config file: C:\Users\PC\AppData\Roaming\.minecraft\versions\my_top\journeymap\server\5.8\journeymap.server.minecraft~the_end.config
[12:19:07] [main/INFO] [ChatLog] 
[12:19:08] [main/WARN] [PropertiesBase] core (Initialized) Bad configField entry during updateFrom(): optionsManagerViewed=null
[12:19:08] [main/WARN] [PropertiesBase] core (Initialized) Bad configField entry during updateFrom(): splashViewed=null
[12:19:08] [main/INFO] [WaypointStore] Loaded 0 waypoints from C:\Users\PC\AppData\Roaming\.minecraft\versions\my_top\journeymap\data\sp\TEST\waypoints
[12:19:08] [main/INFO] [JourneymapClient] Mapping started in C:\Users\PC\AppData\Roaming\.minecraft\versions\my_top\journeymap\data\sp\TEST\overworld. Memory: 3008MB total, 1047MB free 
[12:22:23] [main/ERROR] [JMLogger] Can't get entityTexture for TextComponent{text=' Œ“', siblings=[], style=Style{ color=null, bold=null, italic=null, underlined=null, strikethrough=null, obfuscated=null, clickEvent=null, hoverEvent=null, insertion=null, font=minecraft:default}} (SUPPRESSED)
[12:23:54] [main/INFO] [JourneymapClient] Mapping halted in C:\Users\PC\AppData\Roaming\.minecraft\versions\my_top\journeymap\data\mp\offline\minecraft:overworld
